? .git
? .gitignore
? status.log
? up.log
? spamd/obj
P comsat/comsat.c
P fingerd/fingerd.c
P ftpd/ftpcmd.y
P ftpd/ftpd.c
P ftpd/logwtmp.c
P ftpd/popen.c
P getNAME/getNAME.c
P getty/init.c
P getty/main.c
P getty/subr.c
P ld.so/dir.c
P lockspool/lockspool.c
P mail.local/locking.c
P mail.local/mail.local.c
P rpc.rstatd/rstat_proc.c
P rpc.rstatd/rstatd.c
P rpc.rusersd/rusers_proc.c
P rpc.rusersd/rusersd.c
P rpc.rwalld/rwalld.c
P rpc.sprayd/sprayd.c
P rpc.yppasswdd/rpc.yppasswdd.c
P rpc.yppasswdd/yppasswdd_mkpw.c
P rpc.yppasswdd/yppasswdd_proc.c
P rshd/rshd.c
P talkd/announce.c
P talkd/print.c
P talkd/process.c
P talkd/table.c
P talkd/talkd.c
P tcpd/safe_finger/safe_finger.c
P tcpd/tcpd/tcpd.c
P tcpd/tcpdchk/inetcf.c
P tcpd/tcpdchk/scaffold.c
P tcpd/tcpdchk/tcpdchk.c
P tcpd/tcpdmatch/tcpdmatch.c
P tftpd/tftpd.c
P uucpd/uucpd.c
